<?xml version="1.0" encoding="UTF-8"?>
<testng-results skipped="0" failed="1" ignored="0" total="4" passed="3">
  <reporter-output>
  </reporter-output>
  <suite name="Parallel Testing Suite" duration-ms="8631" started-at="2020-07-12T19:54:45Z" finished-at="2020-07-12T19:54:54Z">
    <groups>
    </groups>
    <test name="Parallel Tests" duration-ms="8631" started-at="2020-07-12T19:54:45Z" finished-at="2020-07-12T19:54:54Z">
      <class name="tests.ParallelExecution">
        <test-method status="PASS" signature="internetExpBrowser()[pri:0, instance:tests.ParallelExecution@419c5f1a]" name="internetExpBrowser" duration-ms="4451" started-at="2020-07-12T19:54:45Z" finished-at="2020-07-12T19:54:50Z">
          <reporter-output>
          </reporter-output>
        </test-method> <!-- internetExpBrowser -->
        <test-method status="FAIL" signature="edgeBrowser()[pri:0, instance:tests.ParallelExecution@419c5f1a]" name="edgeBrowser" duration-ms="4351" started-at="2020-07-12T19:54:45Z" finished-at="2020-07-12T19:54:50Z">
          <exception class="io.github.bonigarcia.wdm.WebDriverManagerException">
            <message>
              <![CDATA[io.github.bonigarcia.wdm.WebDriverManagerException: MicrosoftWebDriver.exe should be pre-installed in an elevated command prompt executing: dism /Online /Add-Capability /CapabilityName:Microsoft.WebDriver~~~~0.0.1.0]]>
            </message>
            <full-stacktrace>
              <![CDATA[io.github.bonigarcia.wdm.WebDriverManagerException: io.github.bonigarcia.wdm.WebDriverManagerException: MicrosoftWebDriver.exe should be pre-installed in an elevated command prompt executing: dism /Online /Add-Capability /CapabilityName:Microsoft.WebDriver~~~~0.0.1.0
at io.github.bonigarcia.wdm.WebDriverManager.handleException(WebDriverManager.java:725)
at io.github.bonigarcia.wdm.WebDriverManager.manage(WebDriverManager.java:548)
at io.github.bonigarcia.wdm.WebDriverManager.setup(WebDriverManager.java:260)
at tests.ParallelExecution.edgeBrowser(ParallelExecution.java:43)
at sun.reflect.NativeMethodAccessorImpl.invoke0(Native Method)
at sun.reflect.NativeMethodAccessorImpl.invoke(NativeMethodAccessorImpl.java:62)
at sun.reflect.DelegatingMethodAccessorImpl.invoke(DelegatingMethodAccessorImpl.java:43)
at java.lang.reflect.Method.invoke(Method.java:498)
at org.testng.internal.MethodInvocationHelper.invokeMethod(MethodInvocationHelper.java:124)
at org.testng.internal.Invoker.invokeMethod(Invoker.java:583)
at org.testng.internal.Invoker.invokeTestMethod(Invoker.java:719)
at org.testng.internal.Invoker.invokeTestMethods(Invoker.java:989)
at org.testng.internal.TestMethodWorker.invokeTestMethods(TestMethodWorker.java:125)
at org.testng.internal.TestMethodWorker.run(TestMethodWorker.java:109)
at java.util.concurrent.ThreadPoolExecutor.runWorker(ThreadPoolExecutor.java:1149)
at java.util.concurrent.ThreadPoolExecutor$Worker.run(ThreadPoolExecutor.java:624)
at java.lang.Thread.run(Thread.java:748)
Caused by: io.github.bonigarcia.wdm.WebDriverManagerException: MicrosoftWebDriver.exe should be pre-installed in an elevated command prompt executing: dism /Online /Add-Capability /CapabilityName:Microsoft.WebDriver~~~~0.0.1.0
at io.github.bonigarcia.wdm.WebDriverManager.checkPreInstalledVersion(WebDriverManager.java:607)
at io.github.bonigarcia.wdm.WebDriverManager.manage(WebDriverManager.java:508)
... 15 more
]]>
            </full-stacktrace>
          </exception> <!-- io.github.bonigarcia.wdm.WebDriverManagerException -->
          <reporter-output>
          </reporter-output>
        </test-method> <!-- edgeBrowser -->
        <test-method status="PASS" signature="chromeBrowser()[pri:0, instance:tests.ParallelExecution@419c5f1a]" name="chromeBrowser" duration-ms="8610" started-at="2020-07-12T19:54:45Z" finished-at="2020-07-12T19:54:54Z">
          <reporter-output>
          </reporter-output>
        </test-method> <!-- chromeBrowser -->
        <test-method status="PASS" signature="fireFoxBrowser()[pri:0, instance:tests.ParallelExecution@419c5f1a]" name="fireFoxBrowser" duration-ms="8611" started-at="2020-07-12T19:54:45Z" finished-at="2020-07-12T19:54:54Z">
          <reporter-output>
          </reporter-output>
        </test-method> <!-- fireFoxBrowser -->
      </class> <!-- tests.ParallelExecution -->
    </test> <!-- Parallel Tests -->
  </suite> <!-- Parallel Testing Suite -->
</testng-results>
